<?xml version="1.0" encoding="UTF-8"?>
<!-- Generated by org.testng.reporters.JUnitReportReporter -->
<testsuite skipped="0" hostname="WINDOWS-VF7LMKM" name="Testcases.User_Role_testcase" tests="1" failures="0" timestamp="2021-07-08T09:30:33 IST" time="22.369" errors="0">
  <testcase name="checkuserRole" time="22.369" classname="Testcases.User_Role_testcase"/>
  <system-out/>
</testsuite> <!-- Testcases.User_Role_testcase -->
