<?xml version="1.0" encoding="UTF-8"?>
<!-- Generated by org.testng.reporters.JUnitReportReporter -->
<testsuite skipped="0" hostname="WINDOWS-VF7LMKM" name="Testcases.Pending_leave_request_testcases" tests="1" failures="0" timestamp="2021-07-08T09:30:33 IST" time="22.903" errors="0">
  <testcase name="verifypendingleaverequest" time="22.903" classname="Testcases.Pending_leave_request_testcases"/>
  <system-out/>
</testsuite> <!-- Testcases.Pending_leave_request_testcases -->
